# //  Questa Sim-64
# //  Version 2021.2_1 linux_x86_64 May 15 2021
# //
# //  Copyright 1991-2021 Mentor Graphics Corporation
# //  All Rights Reserved.
# //
# //  QuestaSim and its associated documentation contain trade
# //  secrets and commercial or financial information that are the property of
# //  Mentor Graphics Corporation and are privileged, confidential,
# //  and exempt from disclosure under the Freedom of Information Act,
# //  5 U.S.C. Section 552. Furthermore, this information
# //  is prohibited from disclosure under the Trade Secrets Act,
# //  18 U.S.C. Section 1905.
# //
# vsim -coverage work.testbench "+UVM_TESTNAME=cfs_algn_test_random" "+UVM_MAX_QUIT_COUNT=20" "+access" "+rw" -f messages.f -sv_seed 3179955932 -do " log -r /*; do wave.do; run -all; quit" -l my_sim.log 
# Start time: 12:24:55 on Apr 06,2026
# ** Note: (vsim-8009) Loading existing optimized design _opt
# Loading sv_std.std
# Loading work.cfs_algn_if(fast)
# Loading work.cfs_apb_if(fast)
# Loading work.cfs_md_if(fast)
# Loading mtiUvm.uvm_pkg(fast)
# Loading work.cfs_algn_reg_pkg(fast)
# Loading work.uvm_ext_pkg(fast)
# Loading work.cfs_md_pkg(fast)
# Loading work.cfs_apb_pkg(fast)
# Loading work.cfs_algn_pkg(fast)
# Loading work.cfs_algn_test_pkg(fast)
# Loading mtiUvm.questa_uvm_pkg(fast)
# Loading work.testbench(fast)
# Loading work.cfs_apb_if(fast__2)
# Loading work.cfs_md_if(fast__2)
# Loading work.cfs_algn_if(fast__2)
# Loading work.cfs_aligner(fast)
# Loading work.cfs_aligner_core(fast)
# Loading work.cfs_rx_ctrl(fast)
# Loading work.cfs_synch(fast)
# Loading work.cfs_synch_fifo(fast)
# Loading work.cfs_tx_ctrl(fast)
# Loading work.cfs_ctrl(fast)
# Loading work.cfs_regs(fast)
# Loading work.cfs_edge_detect(fast)
# Loading work.cfs_edge_detect(fast__1)
# Loading /home/muthub/Downloads/questasim/uvm-1.1d/linux_x86_64/uvm_dpi.so
#  log -r /*
#  do wave.do
#  run -all
# ----------------------------------------------------------------
# UVM-1.1d
# (C) 2007-2013 Mentor Graphics Corporation
# (C) 2007-2013 Cadence Design Systems, Inc.
# (C) 2006-2013 Synopsys, Inc.
# (C) 2011-2013 Cypress Semiconductor Corp.
# ----------------------------------------------------------------
# 
#   ***********       IMPORTANT RELEASE NOTES         ************
# 
#   You are using a version of the UVM library that has been compiled
#   with `UVM_NO_DEPRECATED undefined.
#   See http://www.eda.org/svdb/view.php?id=3313 for more details.
# 
#   You are using a version of the UVM library that has been compiled
#   with `UVM_OBJECT_MUST_HAVE_CONSTRUCTOR undefined.
#   See http://www.eda.org/svdb/view.php?id=3770 for more details.
# 
#       (Specify +UVM_NO_RELNOTES to turn off this notice)
# 
# UVM_INFO verilog_src/questa_uvm_pkg-1.2/src/questa_uvm_pkg.sv(277) @ 0: reporter [Questa UVM] QUESTA_UVM-1.2.3
# UVM_INFO verilog_src/questa_uvm_pkg-1.2/src/questa_uvm_pkg.sv(278) @ 0: reporter [Questa UVM]  questa_uvm::init(+struct)
# UVM_INFO @ 0: reporter [RNTST] Running test cfs_algn_test_random...
# UVM_INFO @ 0: reporter [MAXQUITSET] '+UVM_MAX_QUIT_COUNT=20' provided on the command line is being applied.
# ** Warning: (vsim-8556) On evaluating the expression 'binsof(ctrl_size) intersect{ value_list }' inside the select expression of Bin 'ignore_ctrl' of Cross 'all' in Covergroup instance '\/cfs_algn_pkg::cfs_algn_coverage::cover_split ', no matching bins were found. The binsof expression will result in an empty set.
#    Time: 0 ns  Iteration: 7  Region: /uvm_pkg::uvm_phase::m_run_phases
# ** Warning: (vsim-8556) On evaluating the expression 'binsof(ctrl_size) intersect{ value_list }' inside the select expression of Bin 'ignore_ctrl' of Cross 'all' in Covergroup instance '\/cfs_algn_pkg::cfs_algn_coverage::cover_split ', no matching bins were found. The binsof expression will result in an empty set.
#    Time: 0 ns  Iteration: 7  Region: /uvm_pkg::uvm_phase::m_run_phases
# ** Warning: (vsim-8556) On evaluating the expression 'binsof(ctrl_size) intersect{ value_list }' inside the select expression of Bin 'ignore_ctrl' of Cross 'all' in Covergroup instance '\/cfs_algn_pkg::cfs_algn_coverage::cover_split ', no matching bins were found. The binsof expression will result in an empty set.
#    Time: 0 ns  Iteration: 7  Region: /uvm_pkg::uvm_phase::m_run_phases
# ** Warning: (vsim-8556) On evaluating the expression 'binsof(ctrl_size) intersect{ value_list }' inside the select expression of Bin 'ignore_ctrl' of Cross 'all' in Covergroup instance '\/cfs_algn_pkg::cfs_algn_coverage::cover_split ', no matching bins were found. The binsof expression will result in an empty set.
#    Time: 0 ns  Iteration: 7  Region: /uvm_pkg::uvm_phase::m_run_phases
# ** Warning: (vsim-8560) On evaluating the select expression of Cross bin 'all.ignore_ctrl' in Covergroup instance '\/cfs_algn_pkg::cfs_algn_coverage::cover_split ', the bin is found to be empty since no cross products are selected.
#    Time: 0 ns  Iteration: 7  Region: /uvm_pkg::uvm_phase::m_run_phases
# ** Warning: (vsim-8556) On evaluating the expression 'binsof(ctrl_size) intersect{ value_list }' inside the select expression of Bin 'new_ignore_ctrl_invalid_pairs' of Cross 'all' in Covergroup instance '\/cfs_algn_pkg::cfs_algn_coverage::cover_split ', no matching bins were found. The binsof expression will result in an empty set.
#    Time: 0 ns  Iteration: 7  Region: /uvm_pkg::uvm_phase::m_run_phases
# ** Warning: (vsim-8556) On evaluating the expression 'binsof(ctrl_size) intersect{ value_list }' inside the select expression of Bin 'new_ignore_ctrl_invalid_pairs' of Cross 'all' in Covergroup instance '\/cfs_algn_pkg::cfs_algn_coverage::cover_split ', no matching bins were found. The binsof expression will result in an empty set.
#    Time: 0 ns  Iteration: 7  Region: /uvm_pkg::uvm_phase::m_run_phases
# ** Warning: (vsim-8560) On evaluating the select expression of Cross bin 'all.new_ignore_ctrl_invalid_pairs' in Covergroup instance '\/cfs_algn_pkg::cfs_algn_coverage::cover_split ', the bin is found to be empty since no cross products are selected.
#    Time: 0 ns  Iteration: 7  Region: /uvm_pkg::uvm_phase::m_run_phases
# ** Warning: (vsim-8556) On evaluating the expression 'binsof(ctrl_size) intersect{ value_list }' inside the select expression of Bin 'illegal_num_bytes_needed_gt_ctrl_size' of Cross 'all' in Covergroup instance '\/cfs_algn_pkg::cfs_algn_coverage::cover_split ', no matching bins were found. The binsof expression will result in an empty set.
#    Time: 0 ns  Iteration: 7  Region: /uvm_pkg::uvm_phase::m_run_phases
# ** Warning: (vsim-8560) On evaluating the select expression of Cross bin 'all.illegal_num_bytes_needed_gt_ctrl_size' in Covergroup instance '\/cfs_algn_pkg::cfs_algn_coverage::cover_split ', the bin is found to be empty since no cross products are selected.
#    Time: 0 ns  Iteration: 7  Region: /uvm_pkg::uvm_phase::m_run_phases
# ** Warning: (vsim-8556) On evaluating the expression 'binsof(ctrl_size) intersect{ value_list }' inside the select expression of Bin 'illegal_ctrl_size_1_num_bytes_needed_3' of Cross 'all' in Covergroup instance '\/cfs_algn_pkg::cfs_algn_coverage::cover_split ', no matching bins were found. The binsof expression will result in an empty set.
#    Time: 0 ns  Iteration: 7  Region: /uvm_pkg::uvm_phase::m_run_phases
# ** Warning: (vsim-8560) On evaluating the select expression of Cross bin 'all.illegal_ctrl_size_1_num_bytes_needed_3' in Covergroup instance '\/cfs_algn_pkg::cfs_algn_coverage::cover_split ', the bin is found to be empty since no cross products are selected.
#    Time: 0 ns  Iteration: 7  Region: /uvm_pkg::uvm_phase::m_run_phases
# ** Warning: (vsim-8556) On evaluating the expression 'binsof(ctrl_size) intersect{ value_list }' inside the select expression of Bin 'illegal_ctrl_size_1_num_bytes_needed_2' of Cross 'all' in Covergroup instance '\/cfs_algn_pkg::cfs_algn_coverage::cover_split ', no matching bins were found. The binsof expression will result in an empty set.
#    Time: 0 ns  Iteration: 7  Region: /uvm_pkg::uvm_phase::m_run_phases
# ** Warning: (vsim-8556) On evaluating the expression 'binsof(ctrl_size) intersect{ value_list }' inside the select expression of Bin 'illegal_ctrl_size_1_num_bytes_needed_2' of Cross 'all' in Covergroup instance '\/cfs_algn_pkg::cfs_algn_coverage::cover_split ', no matching bins were found. The binsof expression will result in an empty set.
#    Time: 0 ns  Iteration: 7  Region: /uvm_pkg::uvm_phase::m_run_phases
# ** Warning: (vsim-8549) After dropping the illegal, ignore or invalid values, the values list associated with scalar bin 'length_eq_2' in Coverpoint 'length' of Covergroup instance '\/cfs_apb_pkg::cfs_apb_coverage::cover_item ' has converged to empty list. The bin will be taken out of coverage calculation.
#    Time: 0 ns  Iteration: 7  Region: /uvm_pkg::uvm_phase::m_run_phases
# ** Warning: (vsim-8547) After dropping the illegal, ignore or invalid values, the values list associated with fixed-size array sub bin 'length_le_10[1]' in Coverpoint 'length' of Covergroup instance '\/cfs_apb_pkg::cfs_apb_coverage::cover_item ' has converged to empty list. The sub bin will be taken out of coverage calculation.
#    Time: 0 ns  Iteration: 7  Region: /uvm_pkg::uvm_phase::m_run_phases
# ** Warning: (vsim-8547) After dropping the illegal, ignore or invalid values, the values list associated with fixed-size array sub bin 'length_le_10[2]' in Coverpoint 'length' of Covergroup instance '\/cfs_apb_pkg::cfs_apb_coverage::cover_item ' has converged to empty list. The sub bin will be taken out of coverage calculation.
#    Time: 0 ns  Iteration: 7  Region: /uvm_pkg::uvm_phase::m_run_phases
# ** Warning: (vsim-8547) After dropping the illegal, ignore or invalid values, the values list associated with fixed-size array sub bin 'length_le_10[3]' in Coverpoint 'length' of Covergroup instance '\/cfs_apb_pkg::cfs_apb_coverage::cover_item ' has converged to empty list. The sub bin will be taken out of coverage calculation.
#    Time: 0 ns  Iteration: 7  Region: /uvm_pkg::uvm_phase::m_run_phases
# ** Warning: (vsim-8547) After dropping the illegal, ignore or invalid values, the values list associated with fixed-size array sub bin 'length_le_10[4]' in Coverpoint 'length' of Covergroup instance '\/cfs_apb_pkg::cfs_apb_coverage::cover_item ' has converged to empty list. The sub bin will be taken out of coverage calculation.
#    Time: 0 ns  Iteration: 7  Region: /uvm_pkg::uvm_phase::m_run_phases
# ** Warning: (vsim-8547) After dropping the illegal, ignore or invalid values, the values list associated with fixed-size array sub bin 'length_le_10[5]' in Coverpoint 'length' of Covergroup instance '\/cfs_apb_pkg::cfs_apb_coverage::cover_item ' has converged to empty list. The sub bin will be taken out of coverage calculation.
#    Time: 0 ns  Iteration: 7  Region: /uvm_pkg::uvm_phase::m_run_phases
# ** Warning: (vsim-8547) After dropping the illegal, ignore or invalid values, the values list associated with fixed-size array sub bin 'length_le_10[6]' in Coverpoint 'length' of Covergroup instance '\/cfs_apb_pkg::cfs_apb_coverage::cover_item ' has converged to empty list. The sub bin will be taken out of coverage calculation.
#    Time: 0 ns  Iteration: 7  Region: /uvm_pkg::uvm_phase::m_run_phases
# ** Warning: (vsim-8547) After dropping the illegal, ignore or invalid values, the values list associated with fixed-size array sub bin 'length_le_10[7]' in Coverpoint 'length' of Covergroup instance '\/cfs_apb_pkg::cfs_apb_coverage::cover_item ' has converged to empty list. The sub bin will be taken out of coverage calculation.
#    Time: 0 ns  Iteration: 7  Region: /uvm_pkg::uvm_phase::m_run_phases
# ** Warning: (vsim-8549) After dropping the illegal, ignore or invalid values, the values list associated with scalar bin 'length_gt_10' in Coverpoint 'length' of Covergroup instance '\/cfs_apb_pkg::cfs_apb_coverage::cover_item ' has converged to empty list. The bin will be taken out of coverage calculation.
#    Time: 0 ns  Iteration: 7  Region: /uvm_pkg::uvm_phase::m_run_phases
# ** Warning: (vsim-12051) Illegal assignment in cast to class work.cfs_md_pkg::cfs_md_sequencer_base_master from class work.uvm_ext_pkg::uvm_ext_sequencer #(class work.cfs_md_pkg::cfs_md_item_drv_master)
#    Time: 0 ns  Iteration: 32  Process: /uvm_pkg::uvm_phase::m_run_phases/#FORK#1847_7fefe452f66 File: ../env/cfs_algn_env.sv Line: 146
# ** Warning: (vsim-12051) Illegal assignment in cast to class work.cfs_md_pkg::cfs_md_sequencer_base_slave from class work.uvm_ext_pkg::uvm_ext_sequencer #(class work.cfs_md_pkg::cfs_md_item_drv_slave)
#    Time: 0 ns  Iteration: 32  Process: /uvm_pkg::uvm_phase::m_run_phases/#FORK#1847_7fefe452f66 File: ../env/cfs_algn_env.sv Line: 147
# UVM_INFO @ 0: reporter [UVMTOP] UVM testbench topology:
# --------------------------------------------------------------------------------
# Name                          Type                                   Size  Value
# --------------------------------------------------------------------------------
# uvm_test_top                  cfs_algn_test_random                   -     @487 
#   env                         uvm_env                                -     @494 
#     agent_config              uvm_component                          -     @522 
#     apb_agent                 cfs_apb_agent                          -     @508 
#       agent_config            cfs_apb_agent_config                   -     @870 
#       coverage                cfs_apb_coverage                       -     @892 
#         port_item             uvm_analysis_imp_item                  -     @899 
#         wrap_cover_addr_0     uvm_component                          -     @1039
#         wrap_cover_addr_1     uvm_component                          -     @1046
#         wrap_cover_rd_data_0  uvm_component                          -     @1067
#         wrap_cover_rd_data_1  uvm_component                          -     @1074
#         wrap_cover_wr_data_0  uvm_component                          -     @1053
#         wrap_cover_wr_data_1  uvm_component                          -     @1060
#       driver                  cfs_apb_driver                         -     @907 
#         rsp_port              uvm_analysis_port                      -     @922 
#         seq_item_port         uvm_seq_item_pull_port                 -     @914 
#       monitor                 cfs_apb_monitor                        -     @877 
#         output_port           uvm_analysis_port                      -     @884 
#       sequencer               uvm_sequencer                          -     @930 
#         rsp_export            uvm_analysis_export                    -     @937 
#         seq_item_export       uvm_seq_item_pull_imp                  -     @1031
#         arbitration_queue     array                                  0     -    
#         lock_queue            array                                  0     -    
#         num_last_reqs         integral                               32    'd1  
#         num_last_rsps         integral                               32    'd1  
#     coverage                  cfs_algn_coverage                      -     @744 
#       port_in_split_info      uvm_analysis_imp_in_split_info         -     @751 
#     env_config                cfs_algn_env_config                    -     @501 
#     md_rx_agent               uvm_agent                              -     @515 
#       agent_config            uvm_component                          -     @1088
#       coverage                uvm_component                          -     @1110
#         port_item             uvm_analysis_imp_item                  -     @1117
#         wrap_cover_data_0     uvm_component                          -     @1257
#         wrap_cover_data_1     uvm_component                          -     @1264
#       driver                  uvm_driver #(REQ,RSP)                  -     @1125
#         rsp_port              uvm_analysis_port                      -     @1140
#         seq_item_port         uvm_seq_item_pull_port                 -     @1132
#       monitor                 uvm_monitor                            -     @1095
#         output_port           uvm_analysis_port                      -     @1102
#       sequencer               cfs_md_sequencer_base_master           -     @1148
#         rsp_export            uvm_analysis_export                    -     @1155
#         seq_item_export       uvm_seq_item_pull_imp                  -     @1249
#         arbitration_queue     array                                  0     -    
#         lock_queue            array                                  0     -    
#         num_last_reqs         integral                               32    'd1  
#         num_last_rsps         integral                               32    'd1  
#     md_tx_agent               uvm_agent                              -     @533 
#       coverage                uvm_component                          -     @1293
#         port_item             uvm_analysis_imp_item                  -     @1300
#         wrap_cover_data_0     uvm_component                          -     @1487
#         wrap_cover_data_1     uvm_component                          -     @1494
#       driver                  uvm_driver #(REQ,RSP)                  -     @1308
#         rsp_port              uvm_analysis_port                      -     @1323
#         seq_item_port         uvm_seq_item_pull_port                 -     @1315
#       monitor                 uvm_monitor                            -     @1278
#         output_port           uvm_analysis_port                      -     @1285
#       sequencer               cfs_md_sequencer_base_slave            -     @1331
#         pending_items         uvm_tlm_fifo #(T)                      -     @1448
#           get_ap              uvm_analysis_port                      -     @1479
#           get_peek_export     uvm_get_peek_imp                       -     @1463
#           put_ap              uvm_analysis_port                      -     @1471
#           put_export          uvm_put_imp                            -     @1455
#         port_from_mon         uvm_analysis_imp                       -     @1440
#         rsp_export            uvm_analysis_export                    -     @1338
#         seq_item_export       uvm_seq_item_pull_imp                  -     @1432
#         arbitration_queue     array                                  0     -    
#         lock_queue            array                                  0     -    
#         num_last_reqs         integral                               32    'd1  
#         num_last_rsps         integral                               32    'd1  
#     model                     cfs_algn_model                         -     @540 
#       port_in_rx              uvm_analysis_imp_in_rx                 -     @547 
#       port_in_tx              uvm_analysis_imp_in_tx                 -     @555 
#       port_out_irq            uvm_analysis_port                      -     @579 
#       port_out_rx             uvm_analysis_port                      -     @563 
#       port_out_split_info     uvm_analysis_port                      -     @587 
#       port_out_tx             uvm_analysis_port                      -     @571 
#       rx_fifo                 uvm_tlm_fifo #(T)                      -     @595 
#         get_ap                uvm_analysis_port                      -     @626 
#         get_peek_export       uvm_get_peek_imp                       -     @610 
#         put_ap                uvm_analysis_port                      -     @618 
#         put_export            uvm_put_imp                            -     @602 
#       tx_fifo                 uvm_tlm_fifo #(T)                      -     @634 
#         get_ap                uvm_analysis_port                      -     @665 
#         get_peek_export       uvm_get_peek_imp                       -     @649 
#         put_ap                uvm_analysis_port                      -     @657 
#         put_export            uvm_put_imp                            -     @641 
#     predictor                 uvm_reg_predictor #(cfs_apb_item_mon)  -     @674 
#       bus_in                  uvm_analysis_imp                       -     @681 
#       reg_ap                  uvm_analysis_port                      -     @689 
#     scoreboard                cfs_algn_scoreboard                    -     @697 
#       port_in_agent_rx        uvm_analysis_imp_in_agent_rx           -     @728 
#       port_in_agent_tx        uvm_analysis_imp_in_agent_tx           -     @736 
#       port_in_model_irq       uvm_analysis_imp_in_model_irq          -     @720 
#       port_in_model_rx        uvm_analysis_imp_in_model_rx           -     @704 
#       port_in_model_tx        uvm_analysis_imp_in_model_tx           -     @712 
#     virtual_sequencer         cfs_algn_virtual_sequencer             -     @759 
#       rsp_export              uvm_analysis_export                    -     @766 
#       seq_item_export         uvm_seq_item_pull_imp                  -     @860 
#       arbitration_queue       array                                  0     -    
#       lock_queue              array                                  0     -    
#       num_last_reqs           integral                               32    'd1  
#       num_last_rsps           integral                               32    'd1  
# --------------------------------------------------------------------------------
# 
# UVM_INFO verilog_src/uvm-1.1d/src/reg/uvm_reg_predictor.svh(218) @ 155: uvm_test_top.env.predictor [REG_PREDICT] Observed WRITE transaction to register reg_block.CTRL: value='h301 : updated value = 'h301
# UVM_INFO verilog_src/uvm-1.1d/src/reg/uvm_reg_predictor.svh(218) @ 235: uvm_test_top.env.predictor [REG_PREDICT] Observed WRITE transaction to register reg_block.IRQEN: value='h5 : updated value = 'h5
# UVM_INFO verilog_src/uvm-1.1d/src/reg/uvm_reg_predictor.svh(218) @ 335: uvm_test_top.env.predictor [REG_PREDICT] Observed WRITE transaction to register reg_block.IRQ: value='ha : updated value = 'h0
# UVM_INFO ../model/cfs_algn_model.sv(551) @ 375: uvm_test_top.env.model [DEBUG] RX FIFO push - new level: 1, pushed entry: [366..] data: {'ha6}, size: 1, offset: 1, response: CFS_MD_OKAY, length: 1, prev_item_delay: 33
# UVM_INFO ../agent_md/cfs_md_monitor.sv(88) @ 375: uvm_test_top.env.md_rx_agent.monitor [ITEM_END] Monitored item: [366..375] data: {'ha6}, size: 1, offset: 1, response: CFS_MD_OKAY, length: 1, prev_item_delay: 33
# UVM_INFO ../model/cfs_algn_model.sv(765) @ 385: uvm_test_top.env.model [RX_FIFO] RX FIFO pop - new level: 0, popped entry: [366..375] data: {'ha6}, size: 1, offset: 1, response: CFS_MD_OKAY, length: 1, prev_item_delay: 33
# UVM_INFO ../model/cfs_algn_model.sv(855) @ 385: uvm_test_top.env.model [DEBUG1] md_offset:         1, md_size:         1##########################################################
# UVM_INFO ../model/cfs_algn_model.sv(266) @ 385: uvm_test_top.env.model [RX_FIFO] RX FIFO became empty - reg_block.IRQEN.RX_FIFO_EMPTY: 1
# UVM_INFO ../model/cfs_algn_model.sv(780) @ 395: uvm_test_top.env.model [TX_FIFO] TX FIFO push - new level: 1, pushed entry: [366..375] data: {'ha6}, size: 1, offset: 3, response: CFS_MD_OKAY, length: 0, prev_item_delay: 0
# UVM_INFO ../model/cfs_algn_model.sv(795) @ 405: uvm_test_top.env.model [TX_FIFO] TX FIFO pop - new level: 0, popped entry: [366..375] data: {'ha6}, size: 1, offset: 3, response: CFS_MD_OKAY, length: 0, prev_item_delay: 0
# UVM_INFO ../agent_md/cfs_md_driver_slave.sv(53) @ 405: uvm_test_top.env.md_tx_agent.driver [DEBUGG] VALID IS HIGH
# UVM_INFO ../agent_md/cfs_md_driver_slave.sv(71) @ 405: uvm_test_top.env.md_tx_agent.driver [HANDSHAKE] Driving READY=0 | VALID=1| ERROR=0 | DATA=a6000000
# UVM_INFO ../agent_md/cfs_md_monitor.sv(88) @ 405: uvm_test_top.env.md_tx_agent.monitor [ITEM_END] Monitored item: [396..405] data: {'ha6}, size: 1, offset: 3, response: CFS_MD_OKAY, length: 1, prev_item_delay: 36
# UVM_INFO ../model/cfs_algn_model.sv(320) @ 405: uvm_test_top.env.model [TX_FIFO] TX FIFO became empty - reg_block.IRQEN.TX_FIFO_EMPTY: 1
# UVM_INFO ../model/cfs_algn_model.sv(386) @ 446: uvm_test_top.env.model [CNT_DROP] Increment reg_block.STATUS.CNT_DROP: 1 due to: CFS_MD_ERR
# UVM_INFO ../agent_md/cfs_md_monitor.sv(88) @ 455: uvm_test_top.env.md_rx_agent.monitor [ITEM_END] Monitored item: [446..455] data: {'h29, 'hd5, 'h60}, size: 3, offset: 0, response: CFS_MD_ERR, length: 1, prev_item_delay: 7
# UVM_INFO ../model/cfs_algn_model.sv(551) @ 515: uvm_test_top.env.model [DEBUG] RX FIFO push - new level: 1, pushed entry: [506..] data: {'h48}, size: 1, offset: 0, response: CFS_MD_OKAY, length: 1, prev_item_delay: 5
# UVM_INFO ../agent_md/cfs_md_monitor.sv(88) @ 515: uvm_test_top.env.md_rx_agent.monitor [ITEM_END] Monitored item: [506..515] data: {'h48}, size: 1, offset: 0, response: CFS_MD_OKAY, length: 1, prev_item_delay: 5
# UVM_INFO ../model/cfs_algn_model.sv(765) @ 525: uvm_test_top.env.model [RX_FIFO] RX FIFO pop - new level: 0, popped entry: [506..515] data: {'h48}, size: 1, offset: 0, response: CFS_MD_OKAY, length: 1, prev_item_delay: 5
# UVM_INFO ../model/cfs_algn_model.sv(855) @ 525: uvm_test_top.env.model [DEBUG1] md_offset:         0, md_size:         1##########################################################
# UVM_INFO ../model/cfs_algn_model.sv(266) @ 525: uvm_test_top.env.model [RX_FIFO] RX FIFO became empty - reg_block.IRQEN.RX_FIFO_EMPTY: 1
# UVM_INFO ../model/cfs_algn_model.sv(780) @ 535: uvm_test_top.env.model [TX_FIFO] TX FIFO push - new level: 1, pushed entry: [506..515] data: {'h48}, size: 1, offset: 3, response: CFS_MD_OKAY, length: 0, prev_item_delay: 0
# UVM_INFO ../agent_md/cfs_md_driver_slave.sv(53) @ 545: uvm_test_top.env.md_tx_agent.driver [DEBUGG] VALID IS HIGH
# UVM_INFO ../agent_md/cfs_md_driver_slave.sv(71) @ 545: uvm_test_top.env.md_tx_agent.driver [HANDSHAKE] Driving READY=1 | VALID=1| ERROR=0 | DATA=48000000
# UVM_INFO ../model/cfs_algn_model.sv(795) @ 555: uvm_test_top.env.model [TX_FIFO] TX FIFO pop - new level: 0, popped entry: [506..515] data: {'h48}, size: 1, offset: 3, response: CFS_MD_OKAY, length: 0, prev_item_delay: 0
# UVM_INFO ../agent_md/cfs_md_monitor.sv(88) @ 555: uvm_test_top.env.md_tx_agent.monitor [ITEM_END] Monitored item: [536..555] data: {'h48}, size: 1, offset: 3, response: CFS_MD_OKAY, length: 2, prev_item_delay: 13
# UVM_INFO ../model/cfs_algn_model.sv(320) @ 555: uvm_test_top.env.model [TX_FIFO] TX FIFO became empty - reg_block.IRQEN.TX_FIFO_EMPTY: 1
# UVM_INFO ../model/cfs_algn_model.sv(551) @ 575: uvm_test_top.env.model [DEBUG] RX FIFO push - new level: 1, pushed entry: [566..] data: {'h46}, size: 1, offset: 3, response: CFS_MD_OKAY, length: 1, prev_item_delay: 5
# UVM_INFO ../agent_md/cfs_md_monitor.sv(88) @ 575: uvm_test_top.env.md_rx_agent.monitor [ITEM_END] Monitored item: [566..575] data: {'h46}, size: 1, offset: 3, response: CFS_MD_OKAY, length: 1, prev_item_delay: 5
# UVM_INFO ../model/cfs_algn_model.sv(765) @ 585: uvm_test_top.env.model [RX_FIFO] RX FIFO pop - new level: 0, popped entry: [566..575] data: {'h46}, size: 1, offset: 3, response: CFS_MD_OKAY, length: 1, prev_item_delay: 5
# UVM_INFO ../model/cfs_algn_model.sv(855) @ 585: uvm_test_top.env.model [DEBUG1] md_offset:         3, md_size:         1##########################################################
# UVM_INFO ../model/cfs_algn_model.sv(266) @ 585: uvm_test_top.env.model [RX_FIFO] RX FIFO became empty - reg_block.IRQEN.RX_FIFO_EMPTY: 1
# UVM_INFO ../model/cfs_algn_model.sv(780) @ 595: uvm_test_top.env.model [TX_FIFO] TX FIFO push - new level: 1, pushed entry: [566..575] data: {'h46}, size: 1, offset: 3, response: CFS_MD_OKAY, length: 0, prev_item_delay: 0
# UVM_INFO ../model/cfs_algn_model.sv(795) @ 605: uvm_test_top.env.model [TX_FIFO] TX FIFO pop - new level: 0, popped entry: [566..575] data: {'h46}, size: 1, offset: 3, response: CFS_MD_OKAY, length: 0, prev_item_delay: 0
# UVM_INFO ../agent_md/cfs_md_driver_slave.sv(53) @ 605: uvm_test_top.env.md_tx_agent.driver [DEBUGG] VALID IS HIGH
# UVM_INFO ../agent_md/cfs_md_driver_slave.sv(71) @ 605: uvm_test_top.env.md_tx_agent.driver [HANDSHAKE] Driving READY=1 | VALID=1| ERROR=0 | DATA=46000000
# UVM_INFO ../agent_md/cfs_md_monitor.sv(88) @ 605: uvm_test_top.env.md_tx_agent.monitor [ITEM_END] Monitored item: [596..605] data: {'h46}, size: 1, offset: 3, response: CFS_MD_OKAY, length: 1, prev_item_delay: 4
# UVM_INFO ../model/cfs_algn_model.sv(320) @ 605: uvm_test_top.env.model [TX_FIFO] TX FIFO became empty - reg_block.IRQEN.TX_FIFO_EMPTY: 1
# UVM_INFO ../model/cfs_algn_model.sv(551) @ 615: uvm_test_top.env.model [DEBUG] RX FIFO push - new level: 1, pushed entry: [606..] data: {'h32, 'hf3}, size: 2, offset: 2, response: CFS_MD_OKAY, length: 1, prev_item_delay: 3
# UVM_INFO ../agent_md/cfs_md_monitor.sv(88) @ 615: uvm_test_top.env.md_rx_agent.monitor [ITEM_END] Monitored item: [606..615] data: {'h32, 'hf3}, size: 2, offset: 2, response: CFS_MD_OKAY, length: 1, prev_item_delay: 3
# UVM_INFO ../model/cfs_algn_model.sv(765) @ 625: uvm_test_top.env.model [RX_FIFO] RX FIFO pop - new level: 0, popped entry: [606..615] data: {'h32, 'hf3}, size: 2, offset: 2, response: CFS_MD_OKAY, length: 1, prev_item_delay: 3
# UVM_INFO ../model/cfs_algn_model.sv(879) @ 625: uvm_test_top.env.model [DEBUG1] md_offset:         2, md_size:         2---------------------------------------------------------
# UVM_INFO ../model/cfs_algn_model.sv(855) @ 625: uvm_test_top.env.model [DEBUG1] md_offset:         2, md_size:         1##########################################################
# UVM_INFO ../model/cfs_algn_model.sv(266) @ 625: uvm_test_top.env.model [RX_FIFO] RX FIFO became empty - reg_block.IRQEN.RX_FIFO_EMPTY: 1
# UVM_INFO ../model/cfs_algn_model.sv(551) @ 635: uvm_test_top.env.model [DEBUG] RX FIFO push - new level: 1, pushed entry: [626..] data: {'hf7}, size: 1, offset: 2, response: CFS_MD_OKAY, length: 1, prev_item_delay: 1
# UVM_INFO ../model/cfs_algn_model.sv(780) @ 635: uvm_test_top.env.model [TX_FIFO] TX FIFO push - new level: 1, pushed entry: [606..615] data: {'h32}, size: 1, offset: 3, response: CFS_MD_OKAY, length: 0, prev_item_delay: 0
# UVM_INFO ../model/cfs_algn_model.sv(855) @ 635: uvm_test_top.env.model [DEBUG1] md_offset:         3, md_size:         1##########################################################
# UVM_INFO ../agent_md/cfs_md_monitor.sv(88) @ 635: uvm_test_top.env.md_rx_agent.monitor [ITEM_END] Monitored item: [626..635] data: {'hf7}, size: 1, offset: 2, response: CFS_MD_OKAY, length: 1, prev_item_delay: 1
# UVM_INFO ../model/cfs_algn_model.sv(765) @ 645: uvm_test_top.env.model [RX_FIFO] RX FIFO pop - new level: 0, popped entry: [626..635] data: {'hf7}, size: 1, offset: 2, response: CFS_MD_OKAY, length: 1, prev_item_delay: 1
# UVM_INFO ../model/cfs_algn_model.sv(795) @ 645: uvm_test_top.env.model [TX_FIFO] TX FIFO pop - new level: 0, popped entry: [606..615] data: {'h32}, size: 1, offset: 3, response: CFS_MD_OKAY, length: 0, prev_item_delay: 0
# UVM_INFO ../model/cfs_algn_model.sv(780) @ 645: uvm_test_top.env.model [TX_FIFO] TX FIFO push - new level: 1, pushed entry: [606..615] data: {'hf3}, size: 1, offset: 3, response: CFS_MD_OKAY, length: 0, prev_item_delay: 0
# UVM_INFO ../model/cfs_algn_model.sv(855) @ 645: uvm_test_top.env.model [DEBUG1] md_offset:         2, md_size:         1##########################################################
# UVM_INFO ../agent_md/cfs_md_driver_slave.sv(53) @ 645: uvm_test_top.env.md_tx_agent.driver [DEBUGG] VALID IS HIGH
# UVM_INFO ../agent_md/cfs_md_driver_slave.sv(71) @ 645: uvm_test_top.env.md_tx_agent.driver [HANDSHAKE] Driving READY=0 | VALID=1| ERROR=0 | DATA=32000000
# UVM_INFO ../agent_md/cfs_md_monitor.sv(88) @ 645: uvm_test_top.env.md_tx_agent.monitor [ITEM_END] Monitored item: [636..645] data: {'h32}, size: 1, offset: 3, response: CFS_MD_OKAY, length: 1, prev_item_delay: 3
# UVM_INFO ../model/cfs_algn_model.sv(266) @ 645: uvm_test_top.env.model [RX_FIFO] RX FIFO became empty - reg_block.IRQEN.RX_FIFO_EMPTY: 1
# UVM_INFO ../model/cfs_algn_model.sv(780) @ 655: uvm_test_top.env.model [TX_FIFO] TX FIFO push - new level: 2, pushed entry: [626..635] data: {'hf7}, size: 1, offset: 3, response: CFS_MD_OKAY, length: 0, prev_item_delay: 0
# UVM_INFO ../agent_md/cfs_md_driver_slave.sv(53) @ 655: uvm_test_top.env.md_tx_agent.driver [DEBUGG] VALID IS HIGH
# UVM_INFO ../agent_md/cfs_md_driver_slave.sv(71) @ 655: uvm_test_top.env.md_tx_agent.driver [HANDSHAKE] Driving READY=1 | VALID=1| ERROR=0 | DATA=f3000000
# UVM_INFO ../model/cfs_algn_model.sv(795) @ 665: uvm_test_top.env.model [TX_FIFO] TX FIFO pop - new level: 1, popped entry: [606..615] data: {'hf3}, size: 1, offset: 3, response: CFS_MD_OKAY, length: 0, prev_item_delay: 0
# UVM_INFO ../agent_md/cfs_md_monitor.sv(88) @ 665: uvm_test_top.env.md_tx_agent.monitor [ITEM_END] Monitored item: [646..665] data: {'hf3}, size: 1, offset: 3, response: CFS_MD_OKAY, length: 2, prev_item_delay: 0
# UVM_INFO ../model/cfs_algn_model.sv(795) @ 675: uvm_test_top.env.model [TX_FIFO] TX FIFO pop - new level: 0, popped entry: [626..635] data: {'hf7}, size: 1, offset: 3, response: CFS_MD_OKAY, length: 0, prev_item_delay: 0
# UVM_INFO ../agent_md/cfs_md_driver_slave.sv(53) @ 675: uvm_test_top.env.md_tx_agent.driver [DEBUGG] VALID IS HIGH
# UVM_INFO ../agent_md/cfs_md_driver_slave.sv(71) @ 675: uvm_test_top.env.md_tx_agent.driver [HANDSHAKE] Driving READY=0 | VALID=1| ERROR=0 | DATA=f7000000
# UVM_INFO ../agent_md/cfs_md_monitor.sv(88) @ 675: uvm_test_top.env.md_tx_agent.monitor [ITEM_END] Monitored item: [666..675] data: {'hf7}, size: 1, offset: 3, response: CFS_MD_OKAY, length: 1, prev_item_delay: 0
# UVM_INFO ../model/cfs_algn_model.sv(320) @ 675: uvm_test_top.env.model [TX_FIFO] TX FIFO became empty - reg_block.IRQEN.TX_FIFO_EMPTY: 1
# UVM_INFO ../model/cfs_algn_model.sv(551) @ 685: uvm_test_top.env.model [DEBUG] RX FIFO push - new level: 1, pushed entry: [676..] data: {'had, 'h1e, 'h2f, 'h86}, size: 4, offset: 0, response: CFS_MD_OKAY, length: 1, prev_item_delay: 4
# UVM_INFO ../agent_md/cfs_md_monitor.sv(88) @ 685: uvm_test_top.env.md_rx_agent.monitor [ITEM_END] Monitored item: [676..685] data: {'had, 'h1e, 'h2f, 'h86}, size: 4, offset: 0, response: CFS_MD_OKAY, length: 1, prev_item_delay: 4
# UVM_INFO ../model/cfs_algn_model.sv(765) @ 695: uvm_test_top.env.model [RX_FIFO] RX FIFO pop - new level: 0, popped entry: [676..685] data: {'had, 'h1e, 'h2f, 'h86}, size: 4, offset: 0, response: CFS_MD_OKAY, length: 1, prev_item_delay: 4
# UVM_INFO ../model/cfs_algn_model.sv(879) @ 695: uvm_test_top.env.model [DEBUG1] md_offset:         0, md_size:         4---------------------------------------------------------
# UVM_INFO ../model/cfs_algn_model.sv(855) @ 695: uvm_test_top.env.model [DEBUG1] md_offset:         0, md_size:         1##########################################################
# UVM_INFO ../model/cfs_algn_model.sv(266) @ 695: uvm_test_top.env.model [RX_FIFO] RX FIFO became empty - reg_block.IRQEN.RX_FIFO_EMPTY: 1
# UVM_INFO ../model/cfs_algn_model.sv(780) @ 705: uvm_test_top.env.model [TX_FIFO] TX FIFO push - new level: 1, pushed entry: [676..685] data: {'had}, size: 1, offset: 3, response: CFS_MD_OKAY, length: 0, prev_item_delay: 0
# UVM_INFO ../model/cfs_algn_model.sv(879) @ 705: uvm_test_top.env.model [DEBUG1] md_offset:         1, md_size:         3---------------------------------------------------------
# UVM_INFO ../model/cfs_algn_model.sv(855) @ 705: uvm_test_top.env.model [DEBUG1] md_offset:         1, md_size:         1##########################################################
# UVM_INFO ../model/cfs_algn_model.sv(780) @ 715: uvm_test_top.env.model [TX_FIFO] TX FIFO push - new level: 2, pushed entry: [676..685] data: {'h1e}, size: 1, offset: 3, response: CFS_MD_OKAY, length: 0, prev_item_delay: 0
# UVM_INFO ../model/cfs_algn_model.sv(879) @ 715: uvm_test_top.env.model [DEBUG1] md_offset:         2, md_size:         2---------------------------------------------------------
# UVM_INFO ../model/cfs_algn_model.sv(855) @ 715: uvm_test_top.env.model [DEBUG1] md_offset:         2, md_size:         1##########################################################
# UVM_INFO ../agent_md/cfs_md_driver_slave.sv(53) @ 715: uvm_test_top.env.md_tx_agent.driver [DEBUGG] VALID IS HIGH
# UVM_INFO ../agent_md/cfs_md_driver_slave.sv(71) @ 715: uvm_test_top.env.md_tx_agent.driver [HANDSHAKE] Driving READY=0 | VALID=1| ERROR=0 | DATA=ad000000
# UVM_INFO ../model/cfs_algn_model.sv(780) @ 725: uvm_test_top.env.model [TX_FIFO] TX FIFO push - new level: 3, pushed entry: [676..685] data: {'h2f}, size: 1, offset: 3, response: CFS_MD_OKAY, length: 0, prev_item_delay: 0
# UVM_INFO ../model/cfs_algn_model.sv(855) @ 725: uvm_test_top.env.model [DEBUG1] md_offset:         3, md_size:         1##########################################################
# UVM_INFO ../model/cfs_algn_model.sv(780) @ 735: uvm_test_top.env.model [TX_FIFO] TX FIFO push - new level: 4, pushed entry: [676..685] data: {'h86}, size: 1, offset: 3, response: CFS_MD_OKAY, length: 0, prev_item_delay: 0
# UVM_INFO ../model/cfs_algn_model.sv(551) @ 785: uvm_test_top.env.model [DEBUG] RX FIFO push - new level: 1, pushed entry: [776..] data: {'h9e, 'hb2}, size: 2, offset: 0, response: CFS_MD_OKAY, length: 1, prev_item_delay: 9
# UVM_INFO ../agent_md/cfs_md_monitor.sv(88) @ 785: uvm_test_top.env.md_rx_agent.monitor [ITEM_END] Monitored item: [776..785] data: {'h9e, 'hb2}, size: 2, offset: 0, response: CFS_MD_OKAY, length: 1, prev_item_delay: 9
# UVM_INFO ../model/cfs_algn_model.sv(765) @ 795: uvm_test_top.env.model [RX_FIFO] RX FIFO pop - new level: 0, popped entry: [776..785] data: {'h9e, 'hb2}, size: 2, offset: 0, response: CFS_MD_OKAY, length: 1, prev_item_delay: 9
# UVM_INFO ../model/cfs_algn_model.sv(879) @ 795: uvm_test_top.env.model [DEBUG1] md_offset:         0, md_size:         2---------------------------------------------------------
# UVM_INFO ../model/cfs_algn_model.sv(855) @ 795: uvm_test_top.env.model [DEBUG1] md_offset:         0, md_size:         1##########################################################
# UVM_INFO ../model/cfs_algn_model.sv(266) @ 795: uvm_test_top.env.model [RX_FIFO] RX FIFO became empty - reg_block.IRQEN.RX_FIFO_EMPTY: 1
# UVM_INFO ../model/cfs_algn_model.sv(780) @ 805: uvm_test_top.env.model [TX_FIFO] TX FIFO push - new level: 5, pushed entry: [776..785] data: {'h9e}, size: 1, offset: 3, response: CFS_MD_OKAY, length: 0, prev_item_delay: 0
# UVM_INFO ../model/cfs_algn_model.sv(855) @ 805: uvm_test_top.env.model [DEBUG1] md_offset:         1, md_size:         1##########################################################
# UVM_INFO ../model/cfs_algn_model.sv(780) @ 815: uvm_test_top.env.model [TX_FIFO] TX FIFO push - new level: 6, pushed entry: [776..785] data: {'hb2}, size: 1, offset: 3, response: CFS_MD_OKAY, length: 0, prev_item_delay: 0
# UVM_INFO ../model/cfs_algn_model.sv(551) @ 825: uvm_test_top.env.model [DEBUG] RX FIFO push - new level: 1, pushed entry: [816..] data: {'h1f, 'h50}, size: 2, offset: 2, response: CFS_MD_OKAY, length: 1, prev_item_delay: 3
# UVM_INFO ../agent_md/cfs_md_monitor.sv(88) @ 825: uvm_test_top.env.md_rx_agent.monitor [ITEM_END] Monitored item: [816..825] data: {'h1f, 'h50}, size: 2, offset: 2, response: CFS_MD_OKAY, length: 1, prev_item_delay: 3
# UVM_INFO ../model/cfs_algn_model.sv(765) @ 835: uvm_test_top.env.model [RX_FIFO] RX FIFO pop - new level: 0, popped entry: [816..825] data: {'h1f, 'h50}, size: 2, offset: 2, response: CFS_MD_OKAY, length: 1, prev_item_delay: 3
# UVM_INFO ../model/cfs_algn_model.sv(879) @ 835: uvm_test_top.env.model [DEBUG1] md_offset:         2, md_size:         2---------------------------------------------------------
# UVM_INFO ../model/cfs_algn_model.sv(855) @ 835: uvm_test_top.env.model [DEBUG1] md_offset:         2, md_size:         1##########################################################
# UVM_INFO ../model/cfs_algn_model.sv(266) @ 835: uvm_test_top.env.model [RX_FIFO] RX FIFO became empty - reg_block.IRQEN.RX_FIFO_EMPTY: 1
# UVM_INFO ../model/cfs_algn_model.sv(780) @ 845: uvm_test_top.env.model [TX_FIFO] TX FIFO push - new level: 7, pushed entry: [816..825] data: {'h1f}, size: 1, offset: 3, response: CFS_MD_OKAY, length: 0, prev_item_delay: 0
# UVM_INFO ../model/cfs_algn_model.sv(855) @ 845: uvm_test_top.env.model [DEBUG1] md_offset:         3, md_size:         1##########################################################
# UVM_INFO ../model/cfs_algn_model.sv(780) @ 855: uvm_test_top.env.model [TX_FIFO] TX FIFO push - new level: 8, pushed entry: [816..825] data: {'h50}, size: 1, offset: 3, response: CFS_MD_OKAY, length: 0, prev_item_delay: 0
# UVM_INFO ../model/cfs_algn_model.sv(293) @ 855: uvm_test_top.env.model [TX_FIFO] TX FIFO became full - reg_block.IRQEN.TX_FIFO_FULL: 0
# UVM_INFO ../model/cfs_algn_model.sv(386) @ 876: uvm_test_top.env.model [CNT_DROP] Increment reg_block.STATUS.CNT_DROP: 2 due to: CFS_MD_ERR
# UVM_INFO ../agent_md/cfs_md_monitor.sv(88) @ 885: uvm_test_top.env.md_rx_agent.monitor [ITEM_END] Monitored item: [876..885] data: {'hd2, 'hc8}, size: 2, offset: 1, response: CFS_MD_ERR, length: 1, prev_item_delay: 5
# UVM_INFO ../model/cfs_algn_model.sv(386) @ 936: uvm_test_top.env.model [CNT_DROP] Increment reg_block.STATUS.CNT_DROP: 3 due to: CFS_MD_ERR
# UVM_INFO ../agent_md/cfs_md_monitor.sv(88) @ 945: uvm_test_top.env.md_rx_agent.monitor [ITEM_END] Monitored item: [936..945] data: {'hae, 'h05, 'hb8}, size: 3, offset: 0, response: CFS_MD_ERR, length: 1, prev_item_delay: 5
# UVM_INFO ../model/cfs_algn_model.sv(386) @ 946: uvm_test_top.env.model [CNT_DROP] Increment reg_block.STATUS.CNT_DROP: 4 due to: CFS_MD_ERR
# UVM_INFO ../agent_md/cfs_md_monitor.sv(88) @ 955: uvm_test_top.env.md_rx_agent.monitor [ITEM_END] Monitored item: [946..955] data: {'had, 'h74, 'h86}, size: 3, offset: 1, response: CFS_MD_ERR, length: 1, prev_item_delay: 0
# UVM_INFO ../model/cfs_algn_model.sv(551) @ 985: uvm_test_top.env.model [DEBUG] RX FIFO push - new level: 1, pushed entry: [976..] data: {'hf0, 'he8}, size: 2, offset: 0, response: CFS_MD_OKAY, length: 1, prev_item_delay: 2
# UVM_INFO ../agent_md/cfs_md_monitor.sv(88) @ 985: uvm_test_top.env.md_rx_agent.monitor [ITEM_END] Monitored item: [976..985] data: {'hf0, 'he8}, size: 2, offset: 0, response: CFS_MD_OKAY, length: 1, prev_item_delay: 2
# UVM_INFO ../model/cfs_algn_model.sv(765) @ 995: uvm_test_top.env.model [RX_FIFO] RX FIFO pop - new level: 0, popped entry: [976..985] data: {'hf0, 'he8}, size: 2, offset: 0, response: CFS_MD_OKAY, length: 1, prev_item_delay: 2
# UVM_INFO ../model/cfs_algn_model.sv(879) @ 995: uvm_test_top.env.model [DEBUG1] md_offset:         0, md_size:         2---------------------------------------------------------
# UVM_INFO ../model/cfs_algn_model.sv(855) @ 995: uvm_test_top.env.model [DEBUG1] md_offset:         0, md_size:         1##########################################################
# UVM_INFO ../model/cfs_algn_model.sv(266) @ 995: uvm_test_top.env.model [RX_FIFO] RX FIFO became empty - reg_block.IRQEN.RX_FIFO_EMPTY: 1
# UVM_INFO ../model/cfs_algn_model.sv(551) @ 1045: uvm_test_top.env.model [DEBUG] RX FIFO push - new level: 1, pushed entry: [1036..] data: {'ha7}, size: 1, offset: 1, response: CFS_MD_OKAY, length: 1, prev_item_delay: 5
# UVM_INFO ../agent_md/cfs_md_monitor.sv(88) @ 1045: uvm_test_top.env.md_rx_agent.monitor [ITEM_END] Monitored item: [1036..1045] data: {'ha7}, size: 1, offset: 1, response: CFS_MD_OKAY, length: 1, prev_item_delay: 5
# UVM_INFO ../model/cfs_algn_model.sv(551) @ 1095: uvm_test_top.env.model [DEBUG] RX FIFO push - new level: 2, pushed entry: [1086..] data: {'h80, 'h8f, 'h3a, 'h45}, size: 4, offset: 0, response: CFS_MD_OKAY, length: 1, prev_item_delay: 4
# UVM_INFO ../agent_md/cfs_md_monitor.sv(88) @ 1095: uvm_test_top.env.md_rx_agent.monitor [ITEM_END] Monitored item: [1086..1095] data: {'h80, 'h8f, 'h3a, 'h45}, size: 4, offset: 0, response: CFS_MD_OKAY, length: 1, prev_item_delay: 4
# UVM_INFO ../model/cfs_algn_model.sv(551) @ 1175: uvm_test_top.env.model [DEBUG] RX FIFO push - new level: 3, pushed entry: [1166..] data: {'hed}, size: 1, offset: 1, response: CFS_MD_OKAY, length: 1, prev_item_delay: 7
# UVM_INFO ../agent_md/cfs_md_monitor.sv(88) @ 1175: uvm_test_top.env.md_rx_agent.monitor [ITEM_END] Monitored item: [1166..1175] data: {'hed}, size: 1, offset: 1, response: CFS_MD_OKAY, length: 1, prev_item_delay: 7
# UVM_INFO ../model/cfs_algn_model.sv(551) @ 1245: uvm_test_top.env.model [DEBUG] RX FIFO push - new level: 4, pushed entry: [1236..] data: {'h99}, size: 1, offset: 3, response: CFS_MD_OKAY, length: 1, prev_item_delay: 6
# UVM_INFO ../agent_md/cfs_md_monitor.sv(88) @ 1245: uvm_test_top.env.md_rx_agent.monitor [ITEM_END] Monitored item: [1236..1245] data: {'h99}, size: 1, offset: 3, response: CFS_MD_OKAY, length: 1, prev_item_delay: 6
# UVM_INFO ../model/cfs_algn_model.sv(551) @ 1345: uvm_test_top.env.model [DEBUG] RX FIFO push - new level: 5, pushed entry: [1336..] data: {'h7c, 'h9a, 'h00, 'h1b}, size: 4, offset: 0, response: CFS_MD_OKAY, length: 1, prev_item_delay: 9
# UVM_INFO ../agent_md/cfs_md_monitor.sv(88) @ 1345: uvm_test_top.env.md_rx_agent.monitor [ITEM_END] Monitored item: [1336..1345] data: {'h7c, 'h9a, 'h00, 'h1b}, size: 4, offset: 0, response: CFS_MD_OKAY, length: 1, prev_item_delay: 9
# UVM_INFO ../model/cfs_algn_model.sv(551) @ 1405: uvm_test_top.env.model [DEBUG] RX FIFO push - new level: 6, pushed entry: [1396..] data: {'h2a, 'h13, 'h60, 'h24}, size: 4, offset: 0, response: CFS_MD_OKAY, length: 1, prev_item_delay: 5
# UVM_INFO ../agent_md/cfs_md_monitor.sv(88) @ 1405: uvm_test_top.env.md_rx_agent.monitor [ITEM_END] Monitored item: [1396..1405] data: {'h2a, 'h13, 'h60, 'h24}, size: 4, offset: 0, response: CFS_MD_OKAY, length: 1, prev_item_delay: 5
# UVM_INFO ../model/cfs_algn_model.sv(551) @ 1505: uvm_test_top.env.model [DEBUG] RX FIFO push - new level: 7, pushed entry: [1496..] data: {'h22, 'ha3, 'hc0, 'he3}, size: 4, offset: 0, response: CFS_MD_OKAY, length: 1, prev_item_delay: 9
# UVM_INFO ../agent_md/cfs_md_monitor.sv(88) @ 1505: uvm_test_top.env.md_rx_agent.monitor [ITEM_END] Monitored item: [1496..1505] data: {'h22, 'ha3, 'hc0, 'he3}, size: 4, offset: 0, response: CFS_MD_OKAY, length: 1, prev_item_delay: 9
# UVM_INFO ../model/cfs_algn_model.sv(551) @ 1545: uvm_test_top.env.model [DEBUG] RX FIFO push - new level: 8, pushed entry: [1536..] data: {'h61, 'h74}, size: 2, offset: 0, response: CFS_MD_OKAY, length: 1, prev_item_delay: 3
# UVM_INFO ../agent_md/cfs_md_monitor.sv(88) @ 1545: uvm_test_top.env.md_rx_agent.monitor [ITEM_END] Monitored item: [1536..1545] data: {'h61, 'h74}, size: 2, offset: 0, response: CFS_MD_OKAY, length: 1, prev_item_delay: 3
# UVM_INFO ../model/cfs_algn_model.sv(239) @ 1545: uvm_test_top.env.model [RX_FIFO] RX FIFO became full - reg_block.IRQEN.RX_FIFO_FULL: 0
# UVM_WARNING ../model/cfs_algn_model.sv(543) @ 2695: uvm_test_top.env.model [DUT_WARNING] TX FIFO pop did NOT synchronize with RTL
# UVM_INFO ../model/cfs_algn_model.sv(795) @ 2695: uvm_test_top.env.model [TX_FIFO] TX FIFO pop - new level: 7, popped entry: [676..685] data: {'had}, size: 1, offset: 3, response: CFS_MD_OKAY, length: 0, prev_item_delay: 0
# UVM_WARNING ../model/cfs_algn_model.sv(516) @ 2785: uvm_test_top.env.model [DUT_WARNING] TX FIFO push did NOT synchronize with RTL
# UVM_INFO ../model/cfs_algn_model.sv(780) @ 2785: uvm_test_top.env.model [TX_FIFO] TX FIFO push - new level: 8, pushed entry: [976..985] data: {'hf0}, size: 1, offset: 3, response: CFS_MD_OKAY, length: 0, prev_item_delay: 0
# UVM_INFO ../model/cfs_algn_model.sv(855) @ 2785: uvm_test_top.env.model [DEBUG1] md_offset:         1, md_size:         1##########################################################
# UVM_INFO ../model/cfs_algn_model.sv(293) @ 2785: uvm_test_top.env.model [TX_FIFO] TX FIFO became full - reg_block.IRQEN.TX_FIFO_FULL: 0
# UVM_ERROR ../scoreboard/cfs_algn_scoreboard.sv(130) @ 2795: uvm_test_top.env.scoreboard [DUT_ERROR] The TX item expected from time 2695, was not received after 10 clock cycles - item: [676..685] data: {'had}, size: 1, offset: 3, response: CFS_MD_OKAY, length: 0, prev_item_delay: 0
# UVM_ERROR ../agent_md/cfs_md_monitor.sv(75) @ 10705: uvm_test_top.env.md_tx_agent.monitor [PROTOCOL_ERROR] The MD transfer reached the stuck threshold value of 1000
# UVM_ERROR ../agent_md/cfs_md_monitor.sv(75) @ 10715: uvm_test_top.env.md_tx_agent.monitor [PROTOCOL_ERROR] The MD transfer reached the stuck threshold value of 1001
# UVM_ERROR ../agent_md/cfs_md_monitor.sv(75) @ 10725: uvm_test_top.env.md_tx_agent.monitor [PROTOCOL_ERROR] The MD transfer reached the stuck threshold value of 1002
# UVM_ERROR ../agent_md/cfs_md_monitor.sv(75) @ 10735: uvm_test_top.env.md_tx_agent.monitor [PROTOCOL_ERROR] The MD transfer reached the stuck threshold value of 1003
# UVM_ERROR ../agent_md/cfs_md_monitor.sv(75) @ 10745: uvm_test_top.env.md_tx_agent.monitor [PROTOCOL_ERROR] The MD transfer reached the stuck threshold value of 1004
# UVM_ERROR ../agent_md/cfs_md_monitor.sv(75) @ 10755: uvm_test_top.env.md_tx_agent.monitor [PROTOCOL_ERROR] The MD transfer reached the stuck threshold value of 1005
# UVM_ERROR ../agent_md/cfs_md_monitor.sv(75) @ 10765: uvm_test_top.env.md_tx_agent.monitor [PROTOCOL_ERROR] The MD transfer reached the stuck threshold value of 1006
# UVM_ERROR ../agent_md/cfs_md_monitor.sv(75) @ 10775: uvm_test_top.env.md_tx_agent.monitor [PROTOCOL_ERROR] The MD transfer reached the stuck threshold value of 1007
# UVM_ERROR ../agent_md/cfs_md_monitor.sv(75) @ 10785: uvm_test_top.env.md_tx_agent.monitor [PROTOCOL_ERROR] The MD transfer reached the stuck threshold value of 1008
# UVM_ERROR ../agent_md/cfs_md_monitor.sv(75) @ 10795: uvm_test_top.env.md_tx_agent.monitor [PROTOCOL_ERROR] The MD transfer reached the stuck threshold value of 1009
# UVM_ERROR ../agent_md/cfs_md_monitor.sv(75) @ 10805: uvm_test_top.env.md_tx_agent.monitor [PROTOCOL_ERROR] The MD transfer reached the stuck threshold value of 1010
# UVM_ERROR ../agent_md/cfs_md_monitor.sv(75) @ 10815: uvm_test_top.env.md_tx_agent.monitor [PROTOCOL_ERROR] The MD transfer reached the stuck threshold value of 1011
# UVM_ERROR ../agent_md/cfs_md_monitor.sv(75) @ 10825: uvm_test_top.env.md_tx_agent.monitor [PROTOCOL_ERROR] The MD transfer reached the stuck threshold value of 1012
# UVM_ERROR ../agent_md/cfs_md_monitor.sv(75) @ 10835: uvm_test_top.env.md_tx_agent.monitor [PROTOCOL_ERROR] The MD transfer reached the stuck threshold value of 1013
# UVM_ERROR ../agent_md/cfs_md_monitor.sv(75) @ 10845: uvm_test_top.env.md_tx_agent.monitor [PROTOCOL_ERROR] The MD transfer reached the stuck threshold value of 1014
# UVM_ERROR ../agent_md/cfs_md_monitor.sv(75) @ 10855: uvm_test_top.env.md_tx_agent.monitor [PROTOCOL_ERROR] The MD transfer reached the stuck threshold value of 1015
# UVM_ERROR ../agent_md/cfs_md_monitor.sv(75) @ 10865: uvm_test_top.env.md_tx_agent.monitor [PROTOCOL_ERROR] The MD transfer reached the stuck threshold value of 1016
# UVM_ERROR ../agent_md/cfs_md_monitor.sv(75) @ 10875: uvm_test_top.env.md_tx_agent.monitor [PROTOCOL_ERROR] The MD transfer reached the stuck threshold value of 1017
# UVM_ERROR ../agent_md/cfs_md_monitor.sv(75) @ 10885: uvm_test_top.env.md_tx_agent.monitor [PROTOCOL_ERROR] The MD transfer reached the stuck threshold value of 1018
# 
# --- UVM Report Summary ---
# 
# Quit count reached!
# Quit count :    20 of    20
# ** Report counts by severity
# UVM_INFO :  140
# UVM_WARNING :    2
# UVM_ERROR :   20
# UVM_FATAL :    0
# ** Report counts by id
# [CNT_DROP]     4
# [DEBUG]    17
# [DEBUG1]    23
# [DEBUGG]     7
# [DUT_ERROR]     1
# [DUT_WARNING]     2
# [HANDSHAKE]     7
# [ITEM_END]    27
# [MAXQUITSET]     1
# [PROTOCOL_ERROR]    19
# [Questa UVM]     2
# [REG_PREDICT]     3
# [RNTST]     1
# [RX_FIFO]    19
# [TX_FIFO]    28
# [UVMTOP]     1
# ** Note: $finish    : /home/muthub/Downloads/questasim/linux_x86_64/../verilog_src/uvm-1.1d/src/base/uvm_report_object.svh(292)
#    Time: 10885 ns  Iteration: 1  Region: /uvm_ext_pkg::uvm_ext_monitor #(virtual cfs_md_if #(.DATA_WIDTH(32)), cfs_md_pkg::cfs_md_item_mon)::collect_transactions
# 1
# Break in Function uvm_pkg/uvm_report_object::die at /home/muthub/Downloads/questasim/linux_x86_64/../verilog_src/uvm-1.1d/src/base/uvm_report_object.svh line 292
#  quit
# End time: 12:33:39 on Apr 06,2026, Elapsed time: 0:08:44
# Errors: 0, Warnings: 25
