# ** Error (suppressible): (vsim-7031) Bad value ("RANDOM") specified for Sv_Seed interpreted as 0.
# vsim -coverage -c work.testbench "+UVM_TESTNAME=cfs_algn_num_bytes" "+UVM_MAX_QUIT_COUNT=20" "+access+rw" -f messages.f -sv_seed RANDOM "+cover" "+UVM_COVERAGE=ALL" -do "do ../../tb/sim/toggle_exclude.do; coverage save -onexit ucdb/cfs_algn_num_bytes.ucdb; run -all; quit -f;" -l logs/cfs_algn_num_bytes.sim.log 
# Start time: 06:37:05 on Apr 13,2026
# ** Note: (vsim-8009) Loading existing optimized design _opt2
# //  Questa Sim-64
# //  Version 2021.2_1 linux_x86_64 May 15 2021
# //
# //  Copyright 1991-2021 Mentor Graphics Corporation
# //  All Rights Reserved.
# //
# //  QuestaSim and its associated documentation contain trade
# //  secrets and commercial or financial information that are the property of
# //  Mentor Graphics Corporation and are privileged, confidential,
# //  and exempt from disclosure under the Freedom of Information Act,
# //  5 U.S.C. Section 552. Furthermore, this information
# //  is prohibited from disclosure under the Trade Secrets Act,
# //  18 U.S.C. Section 1905.
# //
# Loading sv_std.std
# Loading work.cfs_algn_if(fast)
# Loading work.cfs_apb_if(fast)
# Loading work.cfs_md_if(fast)
# Loading mtiUvm.uvm_pkg(fast)
# Loading work.cfs_algn_reg_pkg(fast)
# Loading work.uvm_ext_pkg(fast)
# Loading work.cfs_md_pkg(fast)
# Loading work.cfs_apb_pkg(fast)
# Loading work.cfs_algn_pkg(fast)
# Loading work.cfs_algn_test_pkg(fast)
# Loading mtiUvm.questa_uvm_pkg(fast)
# Loading work.testbench(fast)
# Loading work.cfs_apb_if(fast__2)
# Loading work.cfs_md_if(fast__2)
# Loading work.cfs_algn_if(fast__2)
# Loading work.cfs_aligner(fast)
# Loading work.cfs_aligner_core(fast)
# Loading work.cfs_rx_ctrl(fast)
# Loading work.cfs_synch(fast)
# Loading work.cfs_synch_fifo(fast)
# Loading work.cfs_tx_ctrl(fast)
# Loading work.cfs_ctrl(fast)
# Loading work.cfs_regs(fast)
# Loading work.cfs_edge_detect(fast)
# Loading work.cfs_edge_detect(fast__1)
# Loading /home/muthub/Downloads/questasim/uvm-1.1d/linux_x86_64/uvm_dpi.so
# do ../../tb/sim/toggle_exclude.do
# ** Warning: -comment options is supported in post simulation viewcov mode only, ignoring it.
# coverage exclude -scope /testbench/dut/core/tx_fifo -srcfile ../../rtl/cfs_synch_fifo.v -linerange 132 -code c -comment {Waiving uncovered condition at line 128 (tx_fifo)}
# ** UI-Msg: (vsim-4036) The 'coverage exclude' command had no effect on some/all objects because
# no matching coverage data was found.
# 
# ** Warning: -comment options is supported in post simulation viewcov mode only, ignoring it.
# coverage exclude -scope /testbench/dut/core/tx_fifo -srcfile ../../rtl/cfs_synch_fifo.v -linerange 156 -code c -comment {Waiving uncovered condition at line 154 (tx_fifo)}
# ** UI-Msg: (vsim-4036) The 'coverage exclude' command had no effect on some/all objects because
# no matching coverage data was found.
# 
# ** Warning: -comment options is supported in post simulation viewcov mode only, ignoring it.
# coverage exclude -scope /testbench/dut/core/rx_fifo -srcfile ../../rtl/cfs_synch_fifo.v -linerange 132 -code c -comment {Waiving uncovered condition at line 128 (rx_fifo)}
# ** UI-Msg: (vsim-4036) The 'coverage exclude' command had no effect on some/all objects because
# no matching coverage data was found.
# 
# ** Warning: -comment options is supported in post simulation viewcov mode only, ignoring it.
# coverage exclude -scope /testbench/dut/core/rx_ctrl -srcfile ../../rtl/cfs_rx_ctrl.v -linerange 76 -code c -comment {Waiving uncovered condition at line 128 (rx_fifo)}
# ** UI-Msg: (vsim-4036) The 'coverage exclude' command had no effect on some/all objects because
# no matching coverage data was found.
# 
# ** Warning: -comment options is supported in post simulation viewcov mode only, ignoring it.
#  coverage save -onexit ucdb/cfs_algn_num_bytes.ucdb
#  run -all
# ----------------------------------------------------------------
# UVM-1.1d
# (C) 2007-2013 Mentor Graphics Corporation
# (C) 2007-2013 Cadence Design Systems, Inc.
# (C) 2006-2013 Synopsys, Inc.
# (C) 2011-2013 Cypress Semiconductor Corp.
# ----------------------------------------------------------------
# 
#   ***********       IMPORTANT RELEASE NOTES         ************
# 
#   You are using a version of the UVM library that has been compiled
#   with `UVM_NO_DEPRECATED undefined.
#   See http://www.eda.org/svdb/view.php?id=3313 for more details.
# 
#   You are using a version of the UVM library that has been compiled
#   with `UVM_OBJECT_MUST_HAVE_CONSTRUCTOR undefined.
#   See http://www.eda.org/svdb/view.php?id=3770 for more details.
# 
#       (Specify +UVM_NO_RELNOTES to turn off this notice)
# 
# UVM_INFO verilog_src/questa_uvm_pkg-1.2/src/questa_uvm_pkg.sv(277) @ 0: reporter [Questa UVM] QUESTA_UVM-1.2.3
# UVM_INFO verilog_src/questa_uvm_pkg-1.2/src/questa_uvm_pkg.sv(278) @ 0: reporter [Questa UVM]  questa_uvm::init(+struct)
# UVM_INFO @ 0: reporter [RNTST] Running test cfs_algn_num_bytes...
# UVM_INFO @ 0: reporter [MAXQUITSET] '+UVM_MAX_QUIT_COUNT=20' provided on the command line is being applied.
# ** Warning: (vsim-8556) On evaluating the expression 'binsof(ctrl_size) intersect{ value_list }' inside the select expression of Bin 'ignore_ctrl' of Cross 'all' in Covergroup instance '\/cfs_algn_pkg::cfs_algn_coverage::cover_split ', no matching bins were found. The binsof expression will result in an empty set.
#    Time: 0 ns  Iteration: 7  Region: /uvm_pkg::uvm_phase::m_run_phases
# ** Warning: (vsim-8549) After dropping the illegal, ignore or invalid values, the values list associated with scalar bin 'length_eq_2' in Coverpoint 'length' of Covergroup instance '\/cfs_apb_pkg::cfs_apb_coverage::cover_item ' has converged to empty list. The bin will be taken out of coverage calculation.
#    Time: 0 ns  Iteration: 7  Region: /uvm_pkg::uvm_phase::m_run_phases
# ** Warning: (vsim-8547) After dropping the illegal, ignore or invalid values, the values list associated with fixed-size array sub bin 'length_le_10[1]' in Coverpoint 'length' of Covergroup instance '\/cfs_apb_pkg::cfs_apb_coverage::cover_item ' has converged to empty list. The sub bin will be taken out of coverage calculation.
#    Time: 0 ns  Iteration: 7  Region: /uvm_pkg::uvm_phase::m_run_phases
# ** Warning: (vsim-8547) After dropping the illegal, ignore or invalid values, the values list associated with fixed-size array sub bin 'length_le_10[2]' in Coverpoint 'length' of Covergroup instance '\/cfs_apb_pkg::cfs_apb_coverage::cover_item ' has converged to empty list. The sub bin will be taken out of coverage calculation.
#    Time: 0 ns  Iteration: 7  Region: /uvm_pkg::uvm_phase::m_run_phases
# ** Warning: (vsim-8547) After dropping the illegal, ignore or invalid values, the values list associated with fixed-size array sub bin 'length_le_10[3]' in Coverpoint 'length' of Covergroup instance '\/cfs_apb_pkg::cfs_apb_coverage::cover_item ' has converged to empty list. The sub bin will be taken out of coverage calculation.
#    Time: 0 ns  Iteration: 7  Region: /uvm_pkg::uvm_phase::m_run_phases
# ** Warning: (vsim-8547) After dropping the illegal, ignore or invalid values, the values list associated with fixed-size array sub bin 'length_le_10[4]' in Coverpoint 'length' of Covergroup instance '\/cfs_apb_pkg::cfs_apb_coverage::cover_item ' has converged to empty list. The sub bin will be taken out of coverage calculation.
#    Time: 0 ns  Iteration: 7  Region: /uvm_pkg::uvm_phase::m_run_phases
# ** Warning: (vsim-8547) After dropping the illegal, ignore or invalid values, the values list associated with fixed-size array sub bin 'length_le_10[5]' in Coverpoint 'length' of Covergroup instance '\/cfs_apb_pkg::cfs_apb_coverage::cover_item ' has converged to empty list. The sub bin will be taken out of coverage calculation.
#    Time: 0 ns  Iteration: 7  Region: /uvm_pkg::uvm_phase::m_run_phases
# ** Warning: (vsim-8547) After dropping the illegal, ignore or invalid values, the values list associated with fixed-size array sub bin 'length_le_10[6]' in Coverpoint 'length' of Covergroup instance '\/cfs_apb_pkg::cfs_apb_coverage::cover_item ' has converged to empty list. The sub bin will be taken out of coverage calculation.
#    Time: 0 ns  Iteration: 7  Region: /uvm_pkg::uvm_phase::m_run_phases
# ** Warning: (vsim-8547) After dropping the illegal, ignore or invalid values, the values list associated with fixed-size array sub bin 'length_le_10[7]' in Coverpoint 'length' of Covergroup instance '\/cfs_apb_pkg::cfs_apb_coverage::cover_item ' has converged to empty list. The sub bin will be taken out of coverage calculation.
#    Time: 0 ns  Iteration: 7  Region: /uvm_pkg::uvm_phase::m_run_phases
# ** Warning: (vsim-8549) After dropping the illegal, ignore or invalid values, the values list associated with scalar bin 'length_gt_10' in Coverpoint 'length' of Covergroup instance '\/cfs_apb_pkg::cfs_apb_coverage::cover_item ' has converged to empty list. The bin will be taken out of coverage calculation.
#    Time: 0 ns  Iteration: 7  Region: /uvm_pkg::uvm_phase::m_run_phases
# ** Warning: (vsim-12051) Illegal assignment in cast to class work.cfs_md_pkg::cfs_md_sequencer_base_master from class work.uvm_ext_pkg::uvm_ext_sequencer #(class work.cfs_md_pkg::cfs_md_item_drv_master)
#    Time: 0 ns  Iteration: 32  Process: /uvm_pkg::uvm_phase::m_run_phases/#FORK#1847_7fefe44dd05 File: ../env/cfs_algn_env.sv Line: 146
# ** Warning: (vsim-12051) Illegal assignment in cast to class work.cfs_md_pkg::cfs_md_sequencer_base_slave from class work.uvm_ext_pkg::uvm_ext_sequencer #(class work.cfs_md_pkg::cfs_md_item_drv_slave)
#    Time: 0 ns  Iteration: 32  Process: /uvm_pkg::uvm_phase::m_run_phases/#FORK#1847_7fefe44dd05 File: ../env/cfs_algn_env.sv Line: 147
# UVM_INFO @ 0: reporter [UVMTOP] UVM testbench topology:
# --------------------------------------------------------------------------------
# Name                          Type                                   Size  Value
# --------------------------------------------------------------------------------
# uvm_test_top                  cfs_algn_num_bytes                     -     @487 
#   env                         uvm_env                                -     @494 
#     agent_config              uvm_component                          -     @523 
#     apb_agent                 cfs_apb_agent                          -     @509 
#       agent_config            cfs_apb_agent_config                   -     @871 
#       coverage                cfs_apb_coverage                       -     @893 
#         port_item             uvm_analysis_imp_item                  -     @900 
#         wrap_cover_addr_0     uvm_component                          -     @1040
#         wrap_cover_addr_1     uvm_component                          -     @1047
#         wrap_cover_rd_data_0  uvm_component                          -     @1068
#         wrap_cover_rd_data_1  uvm_component                          -     @1075
#         wrap_cover_wr_data_0  uvm_component                          -     @1054
#         wrap_cover_wr_data_1  uvm_component                          -     @1061
#       driver                  cfs_apb_driver                         -     @908 
#         rsp_port              uvm_analysis_port                      -     @923 
#         seq_item_port         uvm_seq_item_pull_port                 -     @915 
#       monitor                 cfs_apb_monitor                        -     @878 
#         output_port           uvm_analysis_port                      -     @885 
#       sequencer               uvm_sequencer                          -     @931 
#         rsp_export            uvm_analysis_export                    -     @938 
#         seq_item_export       uvm_seq_item_pull_imp                  -     @1032
#         arbitration_queue     array                                  0     -    
#         lock_queue            array                                  0     -    
#         num_last_reqs         integral                               32    'd1  
#         num_last_rsps         integral                               32    'd1  
#     coverage                  cfs_algn_coverage                      -     @745 
#       port_in_split_info      uvm_analysis_imp_in_split_info         -     @752 
#     env_config                cfs_algn_env_config                    -     @502 
#     md_rx_agent               uvm_agent                              -     @516 
#       agent_config            uvm_component                          -     @1089
#       coverage                uvm_component                          -     @1111
#         port_item             uvm_analysis_imp_item                  -     @1118
#         wrap_cover_data_0     uvm_component                          -     @1258
#         wrap_cover_data_1     uvm_component                          -     @1265
#       driver                  uvm_driver #(REQ,RSP)                  -     @1126
#         rsp_port              uvm_analysis_port                      -     @1141
#         seq_item_port         uvm_seq_item_pull_port                 -     @1133
#       monitor                 uvm_monitor                            -     @1096
#         output_port           uvm_analysis_port                      -     @1103
#       sequencer               cfs_md_sequencer_base_master           -     @1149
#         rsp_export            uvm_analysis_export                    -     @1156
#         seq_item_export       uvm_seq_item_pull_imp                  -     @1250
#         arbitration_queue     array                                  0     -    
#         lock_queue            array                                  0     -    
#         num_last_reqs         integral                               32    'd1  
#         num_last_rsps         integral                               32    'd1  
#     md_tx_agent               uvm_agent                              -     @534 
#       coverage                uvm_component                          -     @1294
#         port_item             uvm_analysis_imp_item                  -     @1301
#         wrap_cover_data_0     uvm_component                          -     @1488
#         wrap_cover_data_1     uvm_component                          -     @1495
#       driver                  uvm_driver #(REQ,RSP)                  -     @1309
#         rsp_port              uvm_analysis_port                      -     @1324
#         seq_item_port         uvm_seq_item_pull_port                 -     @1316
#       monitor                 uvm_monitor                            -     @1279
#         output_port           uvm_analysis_port                      -     @1286
#       sequencer               cfs_md_sequencer_base_slave            -     @1332
#         pending_items         uvm_tlm_fifo #(T)                      -     @1449
#           get_ap              uvm_analysis_port                      -     @1480
#           get_peek_export     uvm_get_peek_imp                       -     @1464
#           put_ap              uvm_analysis_port                      -     @1472
#           put_export          uvm_put_imp                            -     @1456
#         port_from_mon         uvm_analysis_imp                       -     @1441
#         rsp_export            uvm_analysis_export                    -     @1339
#         seq_item_export       uvm_seq_item_pull_imp                  -     @1433
#         arbitration_queue     array                                  0     -    
#         lock_queue            array                                  0     -    
#         num_last_reqs         integral                               32    'd1  
#         num_last_rsps         integral                               32    'd1  
#     model                     cfs_algn_model                         -     @541 
#       port_in_rx              uvm_analysis_imp_in_rx                 -     @548 
#       port_in_tx              uvm_analysis_imp_in_tx                 -     @556 
#       port_out_irq            uvm_analysis_port                      -     @580 
#       port_out_rx             uvm_analysis_port                      -     @564 
#       port_out_split_info     uvm_analysis_port                      -     @588 
#       port_out_tx             uvm_analysis_port                      -     @572 
#       rx_fifo                 uvm_tlm_fifo #(T)                      -     @596 
#         get_ap                uvm_analysis_port                      -     @627 
#         get_peek_export       uvm_get_peek_imp                       -     @611 
#         put_ap                uvm_analysis_port                      -     @619 
#         put_export            uvm_put_imp                            -     @603 
#       tx_fifo                 uvm_tlm_fifo #(T)                      -     @635 
#         get_ap                uvm_analysis_port                      -     @666 
#         get_peek_export       uvm_get_peek_imp                       -     @650 
#         put_ap                uvm_analysis_port                      -     @658 
#         put_export            uvm_put_imp                            -     @642 
#     predictor                 uvm_reg_predictor #(cfs_apb_item_mon)  -     @675 
#       bus_in                  uvm_analysis_imp                       -     @682 
#       reg_ap                  uvm_analysis_port                      -     @690 
#     scoreboard                cfs_algn_scoreboard                    -     @698 
#       port_in_agent_rx        uvm_analysis_imp_in_agent_rx           -     @729 
#       port_in_agent_tx        uvm_analysis_imp_in_agent_tx           -     @737 
#       port_in_model_irq       uvm_analysis_imp_in_model_irq          -     @721 
#       port_in_model_rx        uvm_analysis_imp_in_model_rx           -     @705 
#       port_in_model_tx        uvm_analysis_imp_in_model_tx           -     @713 
#     virtual_sequencer         cfs_algn_virtual_sequencer             -     @760 
#       rsp_export              uvm_analysis_export                    -     @767 
#       seq_item_export         uvm_seq_item_pull_imp                  -     @861 
#       arbitration_queue       array                                  0     -    
#       lock_queue              array                                  0     -    
#       num_last_reqs           integral                               32    'd1  
#       num_last_rsps           integral                               32    'd1  
# --------------------------------------------------------------------------------
# 
# UVM_INFO verilog_src/uvm-1.1d/src/reg/uvm_reg_predictor.svh(218) @ 165: uvm_test_top.env.predictor [REG_PREDICT] Observed WRITE transaction to register reg_block.IRQEN: value='h13 : updated value = 'h13
# UVM_INFO verilog_src/uvm-1.1d/src/reg/uvm_reg_predictor.svh(218) @ 195: uvm_test_top.env.predictor [REG_PREDICT] Observed WRITE transaction to register reg_block.CTRL: value='h2 : updated value = 'h2
# UVM_INFO verilog_src/uvm-1.1d/src/reg/uvm_reg_predictor.svh(218) @ 235: uvm_test_top.env.predictor [REG_PREDICT] Observed WRITE transaction to register reg_block.IRQ: value='hd : updated value = 'h0
# UVM_INFO verilog_src/uvm-1.1d/src/reg/uvm_reg_predictor.svh(223) @ 315: uvm_test_top.env.predictor [REG_PREDICT] Observed READ transaction to register reg_block.IRQEN: value='h13
# UVM_INFO verilog_src/uvm-1.1d/src/reg/uvm_reg_predictor.svh(218) @ 365: uvm_test_top.env.predictor [REG_PREDICT] Observed WRITE transaction to register reg_block.IRQEN: value='h0 : updated value = 'h0
# UVM_INFO verilog_src/uvm-1.1d/src/reg/uvm_reg_predictor.svh(218) @ 415: uvm_test_top.env.predictor [REG_PREDICT] Observed WRITE transaction to register reg_block.CTRL: value='h2 : updated value = 'h2
# UVM_INFO verilog_src/uvm-1.1d/src/reg/uvm_reg_predictor.svh(223) @ 515: uvm_test_top.env.predictor [REG_PREDICT] Observed READ transaction to register reg_block.CTRL: value='h2
# UVM_INFO ../model/cfs_algn_model.sv(551) @ 1085: uvm_test_top.env.model [DEBUG] RX FIFO push - new level: 1, pushed entry: [1076..] data: {'hd2}, size: 1, offset: 0, response: CFS_MD_OKAY, length: 1, prev_item_delay: 104
# UVM_INFO ../agent_md/cfs_md_monitor.sv(88) @ 1085: uvm_test_top.env.md_rx_agent.monitor [ITEM_END] Monitored item: [1076..1085] data: {'hd2}, size: 1, offset: 0, response: CFS_MD_OKAY, length: 1, prev_item_delay: 104
# UVM_INFO ../model/cfs_algn_model.sv(765) @ 1095: uvm_test_top.env.model [RX_FIFO] RX FIFO pop - new level: 0, popped entry: [1076..1085] data: {'hd2}, size: 1, offset: 0, response: CFS_MD_OKAY, length: 1, prev_item_delay: 104
# UVM_INFO ../model/cfs_algn_model.sv(266) @ 1095: uvm_test_top.env.model [RX_FIFO] RX FIFO became empty - reg_block.IRQEN.RX_FIFO_EMPTY: 0
# UVM_INFO ../model/cfs_algn_model.sv(551) @ 1285: uvm_test_top.env.model [DEBUG] RX FIFO push - new level: 1, pushed entry: [1276..] data: {'hec, 'hee, 'h30, 'h70}, size: 4, offset: 0, response: CFS_MD_OKAY, length: 1, prev_item_delay: 19
# UVM_INFO ../agent_md/cfs_md_monitor.sv(88) @ 1285: uvm_test_top.env.md_rx_agent.monitor [ITEM_END] Monitored item: [1276..1285] data: {'hec, 'hee, 'h30, 'h70}, size: 4, offset: 0, response: CFS_MD_OKAY, length: 1, prev_item_delay: 19
# UVM_INFO ../model/cfs_algn_model.sv(765) @ 1295: uvm_test_top.env.model [RX_FIFO] RX FIFO pop - new level: 0, popped entry: [1276..1285] data: {'hec, 'hee, 'h30, 'h70}, size: 4, offset: 0, response: CFS_MD_OKAY, length: 1, prev_item_delay: 19
# UVM_INFO ../model/cfs_algn_model.sv(879) @ 1295: uvm_test_top.env.model [DEBUG1] md_offset:         0, md_size:         4---------------------------------------------------------
# UVM_INFO ../model/cfs_algn_model.sv(855) @ 1295: uvm_test_top.env.model [DEBUG1] md_offset:         0, md_size:         1##########################################################
# UVM_INFO ../model/cfs_algn_model.sv(266) @ 1295: uvm_test_top.env.model [RX_FIFO] RX FIFO became empty - reg_block.IRQEN.RX_FIFO_EMPTY: 0
# UVM_INFO ../model/cfs_algn_model.sv(780) @ 1305: uvm_test_top.env.model [TX_FIFO] TX FIFO push - new level: 1, pushed entry: [1076..1285] data: {'hd2, 'hec}, size: 2, offset: 0, response: CFS_MD_OKAY, length: 0, prev_item_delay: 0
# UVM_INFO ../model/cfs_algn_model.sv(879) @ 1305: uvm_test_top.env.model [DEBUG1] md_offset:         1, md_size:         3---------------------------------------------------------
# UVM_INFO ../model/cfs_algn_model.sv(855) @ 1305: uvm_test_top.env.model [DEBUG1] md_offset:         1, md_size:         2##########################################################
# UVM_INFO ../model/cfs_algn_model.sv(780) @ 1315: uvm_test_top.env.model [TX_FIFO] TX FIFO push - new level: 2, pushed entry: [1276..1285] data: {'hee, 'h30}, size: 2, offset: 0, response: CFS_MD_OKAY, length: 0, prev_item_delay: 0
# UVM_INFO ../agent_md/cfs_md_driver_slave.sv(68) @ 1315: uvm_test_top.env.md_tx_agent.driver [HANDSHAKE] Driving READY=0 | VALID=1| ERROR=0 | DATA=ecd2
# UVM_INFO ../model/cfs_algn_model.sv(795) @ 1325: uvm_test_top.env.model [TX_FIFO] TX FIFO pop - new level: 1, popped entry: [1076..1285] data: {'hd2, 'hec}, size: 2, offset: 0, response: CFS_MD_OKAY, length: 0, prev_item_delay: 0
# UVM_INFO ../agent_md/cfs_md_monitor.sv(88) @ 1325: uvm_test_top.env.md_tx_agent.monitor [ITEM_END] Monitored item: [1306..1325] data: {'hd2, 'hec}, size: 2, offset: 0, response: CFS_MD_OKAY, length: 2, prev_item_delay: 127
# UVM_INFO ../agent_md/cfs_md_driver_slave.sv(68) @ 1335: uvm_test_top.env.md_tx_agent.driver [HANDSHAKE] Driving READY=0 | VALID=1| ERROR=0 | DATA=30ee
# UVM_INFO ../model/cfs_algn_model.sv(795) @ 1345: uvm_test_top.env.model [TX_FIFO] TX FIFO pop - new level: 0, popped entry: [1276..1285] data: {'hee, 'h30}, size: 2, offset: 0, response: CFS_MD_OKAY, length: 0, prev_item_delay: 0
# UVM_INFO ../agent_md/cfs_md_monitor.sv(88) @ 1345: uvm_test_top.env.md_tx_agent.monitor [ITEM_END] Monitored item: [1326..1345] data: {'hee, 'h30}, size: 2, offset: 0, response: CFS_MD_OKAY, length: 2, prev_item_delay: 0
# UVM_INFO ../model/cfs_algn_model.sv(320) @ 1345: uvm_test_top.env.model [TX_FIFO] TX FIFO became empty - reg_block.IRQEN.TX_FIFO_EMPTY: 0
# UVM_INFO verilog_src/uvm-1.1d/src/reg/uvm_reg_predictor.svh(218) @ 1465: uvm_test_top.env.predictor [REG_PREDICT] Observed WRITE transaction to register reg_block.CTRL: value='h4 : updated value = 'h4
# UVM_INFO ../model/cfs_algn_model.sv(551) @ 1525: uvm_test_top.env.model [DEBUG] RX FIFO push - new level: 1, pushed entry: [1516..] data: {'h4e, 'he0, 'h08, 'hf9}, size: 4, offset: 0, response: CFS_MD_OKAY, length: 1, prev_item_delay: 23
# UVM_INFO ../agent_md/cfs_md_monitor.sv(88) @ 1525: uvm_test_top.env.md_rx_agent.monitor [ITEM_END] Monitored item: [1516..1525] data: {'h4e, 'he0, 'h08, 'hf9}, size: 4, offset: 0, response: CFS_MD_OKAY, length: 1, prev_item_delay: 23
# UVM_INFO ../model/cfs_algn_model.sv(765) @ 1535: uvm_test_top.env.model [RX_FIFO] RX FIFO pop - new level: 0, popped entry: [1516..1525] data: {'h4e, 'he0, 'h08, 'hf9}, size: 4, offset: 0, response: CFS_MD_OKAY, length: 1, prev_item_delay: 23
# UVM_INFO ../model/cfs_algn_model.sv(879) @ 1535: uvm_test_top.env.model [DEBUG1] md_offset:         0, md_size:         4---------------------------------------------------------
# UVM_INFO ../model/cfs_algn_model.sv(855) @ 1535: uvm_test_top.env.model [DEBUG1] md_offset:         0, md_size:         3##########################################################
# UVM_INFO ../model/cfs_algn_model.sv(266) @ 1535: uvm_test_top.env.model [RX_FIFO] RX FIFO became empty - reg_block.IRQEN.RX_FIFO_EMPTY: 0
# UVM_INFO ../model/cfs_algn_model.sv(780) @ 1545: uvm_test_top.env.model [TX_FIFO] TX FIFO push - new level: 1, pushed entry: [1276..1525] data: {'h70, 'h4e, 'he0, 'h08}, size: 4, offset: 0, response: CFS_MD_OKAY, length: 0, prev_item_delay: 0
# UVM_INFO ../agent_md/cfs_md_driver_slave.sv(68) @ 1555: uvm_test_top.env.md_tx_agent.driver [HANDSHAKE] Driving READY=1 | VALID=1| ERROR=0 | DATA=8e04e70
# UVM_INFO ../model/cfs_algn_model.sv(795) @ 1565: uvm_test_top.env.model [TX_FIFO] TX FIFO pop - new level: 0, popped entry: [1276..1525] data: {'h70, 'h4e, 'he0, 'h08}, size: 4, offset: 0, response: CFS_MD_OKAY, length: 0, prev_item_delay: 0
# UVM_INFO ../agent_md/cfs_md_monitor.sv(88) @ 1565: uvm_test_top.env.md_tx_agent.monitor [ITEM_END] Monitored item: [1546..1565] data: {'h70, 'h4e, 'he0, 'h08}, size: 4, offset: 0, response: CFS_MD_OKAY, length: 2, prev_item_delay: 20
# UVM_INFO ../model/cfs_algn_model.sv(320) @ 1565: uvm_test_top.env.model [TX_FIFO] TX FIFO became empty - reg_block.IRQEN.TX_FIFO_EMPTY: 0
# UVM_INFO verilog_src/uvm-1.1d/src/base/uvm_objection.svh(1267) @ 2025: reporter [TEST_DONE] 'run' phase is ready to proceed to the 'extract' phase
# 
# --- UVM Report Summary ---
# 
# Quit count :     0 of    20
# ** Report counts by severity
# UVM_INFO :   46
# UVM_WARNING :    0
# UVM_ERROR :    0
# UVM_FATAL :    0
# ** Report counts by id
# [DEBUG]     3
# [DEBUG1]     6
# [HANDSHAKE]     3
# [ITEM_END]     6
# [MAXQUITSET]     1
# [Questa UVM]     2
# [REG_PREDICT]     8
# [RNTST]     1
# [RX_FIFO]     6
# [TEST_DONE]     1
# [TX_FIFO]     8
# [UVMTOP]     1
# ** Note: $finish    : /home/muthub/Downloads/questasim/linux_x86_64/../verilog_src/uvm-1.1d/src/base/uvm_root.svh(430)
#    Time: 2025 ns  Iteration: 54  Instance: /testbench
# Saving coverage database on exit...
# End time: 06:37:13 on Apr 13,2026, Elapsed time: 0:00:08
# Errors: 1, Warnings: 17
